# JRE version: Java(TM) SE Runtime Environment (7.0_65-b17) (build 1.7.0_65-b17)
# Java VM: Java HotSpot(TM) 64-Bit Server VM (24.65-b04 mixed mode linux-amd64 compressed oops)
Heap
 PSYoungGen      total 550912K, used 4277K [0x00000007c2880000, 0x00000007e5180000, 0x0000000800000000)
  eden space 544256K, 0% used [0x00000007c2880000,0x00000007c2880000,0x00000007e3c00000)
  from space 6656K, 64% used [0x00000007e4480000,0x00000007e48ad4d0,0x00000007e4b00000)
  to   space 512K, 0% used [0x00000007e5100000,0x00000007e5100000,0x00000007e5180000)
 ParOldGen       total 125440K, used 29157K [0x0000000747a00000, 0x000000074f480000, 0x00000007c2880000)
  object space 125440K, 23% used [0x0000000747a00000,0x0000000749679550,0x000000074f480000)
 PSPermGen       total 21504K, used 20484K [0x0000000742800000, 0x0000000743d00000, 0x0000000747a00000)
  object space 21504K, 95% used [0x0000000742800000,0x0000000743c01290,0x0000000743d00000)
GC Heap History (10 events):
Event: 34,172 GC heap after
Heap after GC invocations=22 (full 0):
 PSYoungGen      total 353280K, used 1735K [0x00000007c2880000, 0x00000007e5f00000, 0x0000000800000000)
  eden space 351232K, 0% used [0x00000007c2880000,0x00000007c2880000,0x00000007d7f80000)
  from space 2048K, 84% used [0x00000007e5d00000,0x00000007e5eb1d00,0x00000007e5f00000)
  to   space 6656K, 0% used [0x00000007e5200000,0x00000007e5200000,0x00000007e5880000)
 ParOldGen       total 125440K, used 28293K [0x0000000747a00000, 0x000000074f480000, 0x00000007c2880000)
  object space 125440K, 22% used [0x0000000747a00000,0x00000007495a1750,0x000000074f480000)
 PSPermGen       total 21504K, used 20054K [0x0000000742800000, 0x0000000743d00000, 0x0000000747a00000)
  object space 21504K, 93% used [0x0000000742800000,0x0000000743b95b00,0x0000000743d00000)
}
Event: 38,018 GC heap before
{Heap before GC invocations=23 (full 0):
 PSYoungGen      total 353280K, used 352967K [0x00000007c2880000, 0x00000007e5f00000, 0x0000000800000000)
  eden space 351232K, 100% used [0x00000007c2880000,0x00000007d7f80000,0x00000007d7f80000)
  from space 2048K, 84% used [0x00000007e5d00000,0x00000007e5eb1d00,0x00000007e5f00000)
  to   space 6656K, 0% used [0x00000007e5200000,0x00000007e5200000,0x00000007e5880000)
 ParOldGen       total 125440K, used 28293K [0x0000000747a00000, 0x000000074f480000, 0x00000007c2880000)
  object space 125440K, 22% used [0x0000000747a00000,0x00000007495a1750,0x000000074f480000)
 PSPermGen       total 21504K, used 20338K [0x0000000742800000, 0x0000000743d00000, 0x0000000747a00000)
  object space 21504K, 94% used [0x0000000742800000,0x0000000743bdca50,0x0000000743d00000)
Event: 38,112 GC heap after
Heap after GC invocations=23 (full 0):
 PSYoungGen      total 337408K, used 1268K [0x00000007c2880000, 0x00000007e5d80000, 0x0000000800000000)
  eden space 335872K, 0% used [0x00000007c2880000,0x00000007c2880000,0x00000007d7080000)
  from space 1536K, 82% used [0x00000007e5200000,0x00000007e533d318,0x00000007e5380000)
  to   space 6656K, 0% used [0x00000007e5700000,0x00000007e5700000,0x00000007e5d80000)
 ParOldGen       total 125440K, used 28653K [0x0000000747a00000, 0x000000074f480000, 0x00000007c2880000)
  object space 125440K, 22% used [0x0000000747a00000,0x00000007495fb760,0x000000074f480000)
 PSPermGen       total 21504K, used 20338K [0x0000000742800000, 0x0000000743d00000, 0x0000000747a00000)
  object space 21504K, 94% used [0x0000000742800000,0x0000000743bdca50,0x0000000743d00000)
}
Event: 42,034 GC heap before
{Heap before GC invocations=24 (full 0):
 PSYoungGen      total 337408K, used 337140K [0x00000007c2880000, 0x00000007e5d80000, 0x0000000800000000)
  eden space 335872K, 100% used [0x00000007c2880000,0x00000007d7080000,0x00000007d7080000)
  from space 1536K, 82% used [0x00000007e5200000,0x00000007e533d318,0x00000007e5380000)
  to   space 6656K, 0% used [0x00000007e5700000,0x00000007e5700000,0x00000007e5d80000)
 ParOldGen       total 125440K, used 28653K [0x0000000747a00000, 0x000000074f480000, 0x00000007c2880000)
  object space 125440K, 22% used [0x0000000747a00000,0x00000007495fb760,0x000000074f480000)
 PSPermGen       total 21504K, used 20383K [0x0000000742800000, 0x0000000743d00000, 0x0000000747a00000)
  object space 21504K, 94% used [0x0000000742800000,0x0000000743be7f30,0x0000000743d00000)
Event: 42,039 GC heap after
Heap after GC invocations=24 (full 0):
 PSYoungGen      total 325120K, used 3462K [0x00000007c2880000, 0x00000007e5a80000, 0x0000000800000000)
  eden space 321536K, 0% used [0x00000007c2880000,0x00000007c2880000,0x00000007d6280000)
  from space 3584K, 96% used [0x00000007e5700000,0x00000007e5a61ab8,0x00000007e5a80000)
  to   space 6656K, 0% used [0x00000007e4d80000,0x00000007e4d80000,0x00000007e5400000)
 ParOldGen       total 125440K, used 28893K [0x0000000747a00000, 0x000000074f480000, 0x00000007c2880000)
  object space 125440K, 23% used [0x0000000747a00000,0x0000000749637550,0x000000074f480000)
 PSPermGen       total 21504K, used 20383K [0x0000000742800000, 0x0000000743d00000, 0x0000000747a00000)
  object space 21504K, 94% used [0x0000000742800000,0x0000000743be7f30,0x0000000743d00000)
}
Event: 44,693 GC heap before
{Heap before GC invocations=25 (full 0):
 PSYoungGen      total 325120K, used 324998K [0x00000007c2880000, 0x00000007e5a80000, 0x0000000800000000)
  eden space 321536K, 100% used [0x00000007c2880000,0x00000007d6280000,0x00000007d6280000)
  from space 3584K, 96% used [0x00000007e5700000,0x00000007e5a61ab8,0x00000007e5a80000)
  to   space 6656K, 0% used [0x00000007e4d80000,0x00000007e4d80000,0x00000007e5400000)
 ParOldGen       total 125440K, used 28893K [0x0000000747a00000, 0x000000074f480000, 0x00000007c2880000)
  object space 125440K, 23% used [0x0000000747a00000,0x0000000749637550,0x000000074f480000)
 PSPermGen       total 21504K, used 20414K [0x0000000742800000, 0x0000000743d00000, 0x0000000747a00000)
  object space 21504K, 94% used [0x0000000742800000,0x0000000743bef9b8,0x0000000743d00000)
Event: 44,962 GC heap after
Heap after GC invocations=25 (full 0):
 PSYoungGen      total 418816K, used 384K [0x00000007c2880000, 0x00000007e5780000, 0x0000000800000000)
  eden space 418304K, 0% used [0x00000007c2880000,0x00000007c2880000,0x00000007dc100000)
  from space 512K, 75% used [0x00000007e4d80000,0x00000007e4de0000,0x00000007e4e00000)
  to   space 6656K, 0% used [0x00000007e5100000,0x00000007e5100000,0x00000007e5780000)
 ParOldGen       total 125440K, used 29061K [0x0000000747a00000, 0x000000074f480000, 0x00000007c2880000)
  object space 125440K, 23% used [0x0000000747a00000,0x0000000749661550,0x000000074f480000)
 PSPermGen       total 21504K, used 20414K [0x0000000742800000, 0x0000000743d00000, 0x0000000747a00000)
  object space 21504K, 94% used [0x0000000742800000,0x0000000743bef9b8,0x0000000743d00000)
}
Event: 47,999 GC heap before
{Heap before GC invocations=26 (full 0):
 PSYoungGen      total 418816K, used 418688K [0x00000007c2880000, 0x00000007e5780000, 0x0000000800000000)
  eden space 418304K, 100% used [0x00000007c2880000,0x00000007dc100000,0x00000007dc100000)
  from space 512K, 75% used [0x00000007e4d80000,0x00000007e4de0000,0x00000007e4e00000)
  to   space 6656K, 0% used [0x00000007e5100000,0x00000007e5100000,0x00000007e5780000)
 ParOldGen       total 125440K, used 29061K [0x0000000747a00000, 0x000000074f480000, 0x00000007c2880000)
  object space 125440K, 23% used [0x0000000747a00000,0x0000000749661550,0x000000074f480000)
 PSPermGen       total 21504K, used 20448K [0x0000000742800000, 0x0000000743d00000, 0x0000000747a00000)
  object space 21504K, 95% used [0x0000000742800000,0x0000000743bf8150,0x0000000743d00000)
Event: 48,161 GC heap after
Heap after GC invocations=26 (full 0):
 PSYoungGen      total 544768K, used 416K [0x00000007c2880000, 0x00000007e5180000, 0x0000000800000000)
  eden space 544256K, 0% used [0x00000007c2880000,0x00000007c2880000,0x00000007e3c00000)
  from space 512K, 81% used [0x00000007e5100000,0x00000007e5168000,0x00000007e5180000)
  to   space 6656K, 0% used [0x00000007e4480000,0x00000007e4480000,0x00000007e4b00000)
 ParOldGen       total 125440K, used 29101K [0x0000000747a00000, 0x000000074f480000, 0x00000007c2880000)
  object space 125440K, 23% used [0x0000000747a00000,0x000000074966b550,0x000000074f480000)
 PSPermGen       total 21504K, used 20448K [0x0000000742800000, 0x0000000743d00000, 0x0000000747a00000)
  object space 21504K, 95% used [0x0000000742800000,0x0000000743bf8150,0x0000000743d00000)
}
Event: 52,458 GC heap before
{Heap before GC invocations=27 (full 0):
 PSYoungGen      total 544768K, used 544672K [0x00000007c2880000, 0x00000007e5180000, 0x0000000800000000)
  eden space 544256K, 100% used [0x00000007c2880000,0x00000007e3c00000,0x00000007e3c00000)
  from space 512K, 81% used [0x00000007e5100000,0x00000007e5168000,0x00000007e5180000)
  to   space 6656K, 0% used [0x00000007e4480000,0x00000007e4480000,0x00000007e4b00000)
 ParOldGen       total 125440K, used 29101K [0x0000000747a00000, 0x000000074f480000, 0x00000007c2880000)
  object space 125440K, 23% used [0x0000000747a00000,0x000000074966b550,0x000000074f480000)
 PSPermGen       total 21504K, used 20484K [0x0000000742800000, 0x0000000743d00000, 0x0000000747a00000)
  object space 21504K, 95% used [0x0000000742800000,0x0000000743c01290,0x0000000743d00000)

