# JRE version: Java(TM) SE Runtime Environment (7.0_65-b17) (build 1.7.0_65-b17)
# Java VM: Java HotSpot(TM) 64-Bit Server VM (24.65-b04 mixed mode linux-amd64 compressed oops)
Heap
 PSYoungGen      total 945152K, used 2880K [0x00000007c2880000, 0x00000007fcf00000, 0x0000000800000000)
  eden space 933376K, 0% used [0x00000007c2880000,0x00000007c2880000,0x00000007fb800000)
  from space 11776K, 24% used [0x00000007fb800000,0x00000007fbad0000,0x00000007fc380000)
  to   space 7168K, 0% used [0x00000007fc800000,0x00000007fc800000,0x00000007fcf00000)
 ParOldGen       total 126976K, used 85981K [0x0000000747a00000, 0x000000074f600000, 0x00000007c2880000)
  object space 126976K, 67% used [0x0000000747a00000,0x000000074cdf76c0,0x000000074f600000)
 PSPermGen       total 44544K, used 22292K [0x0000000742800000, 0x0000000745380000, 0x0000000747a00000)
  object space 44544K, 50% used [0x0000000742800000,0x0000000743dc5178,0x0000000745380000)
GC Heap History (10 events):
Event: 467,056 GC heap after
Heap after GC invocations=456 (full 4):
 PSYoungGen      total 700928K, used 1334K [0x00000007c2880000, 0x00000007f0900000, 0x0000000800000000)
  eden space 689664K, 0% used [0x00000007c2880000,0x00000007c2880000,0x00000007eca00000)
  from space 11264K, 11% used [0x00000007ed480000,0x00000007ed5cd9b0,0x00000007edf80000)
  to   space 10752K, 0% used [0x00000007eca00000,0x00000007eca00000,0x00000007ed480000)
 ParOldGen       total 126976K, used 85154K [0x0000000747a00000, 0x000000074f600000, 0x00000007c2880000)
  object space 126976K, 67% used [0x0000000747a00000,0x000000074cd288a0,0x000000074f600000)
 PSPermGen       total 44544K, used 22209K [0x0000000742800000, 0x0000000745380000, 0x0000000747a00000)
  object space 44544K, 49% used [0x0000000742800000,0x0000000743db0788,0x0000000745380000)
}
Event: 468,321 GC heap before
{Heap before GC invocations=457 (full 4):
 PSYoungGen      total 700928K, used 690998K [0x00000007c2880000, 0x00000007f0900000, 0x0000000800000000)
  eden space 689664K, 100% used [0x00000007c2880000,0x00000007eca00000,0x00000007eca00000)
  from space 11264K, 11% used [0x00000007ed480000,0x00000007ed5cd9b0,0x00000007edf80000)
  to   space 10752K, 0% used [0x00000007eca00000,0x00000007eca00000,0x00000007ed480000)
 ParOldGen       total 126976K, used 85154K [0x0000000747a00000, 0x000000074f600000, 0x00000007c2880000)
  object space 126976K, 67% used [0x0000000747a00000,0x000000074cd288a0,0x000000074f600000)
 PSPermGen       total 44544K, used 22209K [0x0000000742800000, 0x0000000745380000, 0x0000000747a00000)
  object space 44544K, 49% used [0x0000000742800000,0x0000000743db0788,0x0000000745380000)
Event: 468,326 GC heap after
Heap after GC invocations=457 (full 4):
 PSYoungGen      total 700416K, used 7340K [0x00000007c2880000, 0x00000007f5780000, 0x0000000800000000)
  eden space 689664K, 0% used [0x00000007c2880000,0x00000007c2880000,0x00000007eca00000)
  from space 10752K, 68% used [0x00000007eca00000,0x00000007ed12b198,0x00000007ed480000)
  to   space 11776K, 0% used [0x00000007f4c00000,0x00000007f4c00000,0x00000007f5780000)
 ParOldGen       total 126976K, used 85264K [0x0000000747a00000, 0x000000074f600000, 0x00000007c2880000)
  object space 126976K, 67% used [0x0000000747a00000,0x000000074cd44270,0x000000074f600000)
 PSPermGen       total 44544K, used 22209K [0x0000000742800000, 0x0000000745380000, 0x0000000747a00000)
  object space 44544K, 49% used [0x0000000742800000,0x0000000743db0788,0x0000000745380000)
}
Event: 469,681 GC heap before
{Heap before GC invocations=458 (full 4):
 PSYoungGen      total 700416K, used 697004K [0x00000007c2880000, 0x00000007f5780000, 0x0000000800000000)
  eden space 689664K, 100% used [0x00000007c2880000,0x00000007eca00000,0x00000007eca00000)
  from space 10752K, 68% used [0x00000007eca00000,0x00000007ed12b198,0x00000007ed480000)
  to   space 11776K, 0% used [0x00000007f4c00000,0x00000007f4c00000,0x00000007f5780000)
 ParOldGen       total 126976K, used 85264K [0x0000000747a00000, 0x000000074f600000, 0x00000007c2880000)
  object space 126976K, 67% used [0x0000000747a00000,0x000000074cd44270,0x000000074f600000)
 PSPermGen       total 44544K, used 22250K [0x0000000742800000, 0x0000000745380000, 0x0000000747a00000)
  object space 44544K, 49% used [0x0000000742800000,0x0000000743dba978,0x0000000745380000)
Event: 469,684 GC heap after
Heap after GC invocations=458 (full 4):
 PSYoungGen      total 814592K, used 5580K [0x00000007c2880000, 0x00000007f5380000, 0x0000000800000000)
  eden space 806912K, 0% used [0x00000007c2880000,0x00000007c2880000,0x00000007f3c80000)
  from space 7680K, 72% used [0x00000007f4c00000,0x00000007f51733f8,0x00000007f5380000)
  to   space 11776K, 0% used [0x00000007f3c80000,0x00000007f3c80000,0x00000007f4800000)
 ParOldGen       total 126976K, used 85367K [0x0000000747a00000, 0x000000074f600000, 0x00000007c2880000)
  object space 126976K, 67% used [0x0000000747a00000,0x000000074cd5dcf0,0x000000074f600000)
 PSPermGen       total 44544K, used 22250K [0x0000000742800000, 0x0000000745380000, 0x0000000747a00000)
  object space 44544K, 49% used [0x0000000742800000,0x0000000743dba978,0x0000000745380000)
}
Event: 471,351 GC heap before
{Heap before GC invocations=459 (full 4):
 PSYoungGen      total 814592K, used 812492K [0x00000007c2880000, 0x00000007f5380000, 0x0000000800000000)
  eden space 806912K, 100% used [0x00000007c2880000,0x00000007f3c80000,0x00000007f3c80000)
  from space 7680K, 72% used [0x00000007f4c00000,0x00000007f51733f8,0x00000007f5380000)
  to   space 11776K, 0% used [0x00000007f3c80000,0x00000007f3c80000,0x00000007f4800000)
 ParOldGen       total 126976K, used 85367K [0x0000000747a00000, 0x000000074f600000, 0x00000007c2880000)
  object space 126976K, 67% used [0x0000000747a00000,0x000000074cd5dcf0,0x000000074f600000)
 PSPermGen       total 44544K, used 22291K [0x0000000742800000, 0x0000000745380000, 0x0000000747a00000)
  object space 44544K, 50% used [0x0000000742800000,0x0000000743dc4c48,0x0000000745380000)
Event: 471,356 GC heap after
Heap after GC invocations=459 (full 4):
 PSYoungGen      total 818688K, used 824K [0x00000007c2880000, 0x00000007fd300000, 0x0000000800000000)
  eden space 806912K, 0% used [0x00000007c2880000,0x00000007c2880000,0x00000007f3c80000)
  from space 11776K, 6% used [0x00000007f3c80000,0x00000007f3d4e0c8,0x00000007f4800000)
  to   space 11264K, 0% used [0x00000007fc800000,0x00000007fc800000,0x00000007fd300000)
 ParOldGen       total 126976K, used 85526K [0x0000000747a00000, 0x000000074f600000, 0x00000007c2880000)
  object space 126976K, 67% used [0x0000000747a00000,0x000000074cd858d0,0x000000074f600000)
 PSPermGen       total 44544K, used 22291K [0x0000000742800000, 0x0000000745380000, 0x0000000747a00000)
  object space 44544K, 50% used [0x0000000742800000,0x0000000743dc4c48,0x0000000745380000)
}
Event: 472,777 GC heap before
{Heap before GC invocations=460 (full 4):
 PSYoungGen      total 818688K, used 807736K [0x00000007c2880000, 0x00000007fd300000, 0x0000000800000000)
  eden space 806912K, 100% used [0x00000007c2880000,0x00000007f3c80000,0x00000007f3c80000)
  from space 11776K, 6% used [0x00000007f3c80000,0x00000007f3d4e0c8,0x00000007f4800000)
  to   space 11264K, 0% used [0x00000007fc800000,0x00000007fc800000,0x00000007fd300000)
 ParOldGen       total 126976K, used 85526K [0x0000000747a00000, 0x000000074f600000, 0x00000007c2880000)
  object space 126976K, 67% used [0x0000000747a00000,0x000000074cd858d0,0x000000074f600000)
 PSPermGen       total 44544K, used 22291K [0x0000000742800000, 0x0000000745380000, 0x0000000747a00000)
  object space 44544K, 50% used [0x0000000742800000,0x0000000743dc4c48,0x0000000745380000)
Event: 472,781 GC heap after
Heap after GC invocations=460 (full 4):
 PSYoungGen      total 940544K, used 5599K [0x00000007c2880000, 0x00000007fcf00000, 0x0000000800000000)
  eden space 933376K, 0% used [0x00000007c2880000,0x00000007c2880000,0x00000007fb800000)
  from space 7168K, 78% used [0x00000007fc800000,0x00000007fcd77df0,0x00000007fcf00000)
  to   space 11776K, 0% used [0x00000007fb800000,0x00000007fb800000,0x00000007fc380000)
 ParOldGen       total 126976K, used 85733K [0x0000000747a00000, 0x000000074f600000, 0x00000007c2880000)
  object space 126976K, 67% used [0x0000000747a00000,0x000000074cdb96c0,0x000000074f600000)
 PSPermGen       total 44544K, used 22291K [0x0000000742800000, 0x0000000745380000, 0x0000000747a00000)
  object space 44544K, 50% used [0x0000000742800000,0x0000000743dc4c48,0x0000000745380000)
}
Event: 474,685 GC heap before
{Heap before GC invocations=461 (full 4):
 PSYoungGen      total 940544K, used 938975K [0x00000007c2880000, 0x00000007fcf00000, 0x0000000800000000)
  eden space 933376K, 100% used [0x00000007c2880000,0x00000007fb800000,0x00000007fb800000)
  from space 7168K, 78% used [0x00000007fc800000,0x00000007fcd77df0,0x00000007fcf00000)
  to   space 11776K, 0% used [0x00000007fb800000,0x00000007fb800000,0x00000007fc380000)
 ParOldGen       total 126976K, used 85733K [0x0000000747a00000, 0x000000074f600000, 0x00000007c2880000)
  object space 126976K, 67% used [0x0000000747a00000,0x000000074cdb96c0,0x000000074f600000)
 PSPermGen       total 44544K, used 22292K [0x0000000742800000, 0x0000000745380000, 0x0000000747a00000)
  object space 44544K, 50% used [0x0000000742800000,0x0000000743dc5178,0x0000000745380000)

